;  LST file generated by mikroListExporter - v.2.0 
; Date/Time: 7/7/2019 2:37:07 AM
;----------------------------------------------

;Address Opcode 	ASM
0x0000	0xF000EF4E  	GOTO        156
0x0004	0x0000      	NOP
0x0006	0x0000      	NOP
0x0008	0xF000EF00  	GOTO        0
0x000C	0x0000      	NOP
0x000E	0x0000      	NOP
0x0010	0x0000      	NOP
0x0012	0x0000      	NOP
0x0014	0x0000      	NOP
0x0016	0x0000      	NOP
0x0018	0xD7F3      	BRA         0
_Delay_500us:
;__Lib_Delays.c,27 :: 		void Delay_500us() {
;__Lib_Delays.c,28 :: 		Delay_us(498);
0x001C	0x0E06      	MOVLW       6
0x001E	0x6E0C      	MOVWF       R12, 0
0x0020	0x0E2B      	MOVLW       43
0x0022	0x6E0D      	MOVWF       R13, 0
L_Delay_500us5:
0x0024	0x2E0D      	DECFSZ      R13, 1, 0
0x0026	0xD7FE      	BRA         L_Delay_500us5
0x0028	0x2E0C      	DECFSZ      R12, 1, 0
0x002A	0xD7FC      	BRA         L_Delay_500us5
;__Lib_Delays.c,29 :: 		}
L_end_Delay_500us:
0x002C	0x0012      	RETURN      0
; end of _Delay_500us
_Button:
;__Lib_Button.c,6 :: 		
;__Lib_Button.c,8 :: 		
0x002E	0x6A20      	CLRF        Button_rslt_L0 
;__Lib_Button.c,11 :: 		
0x0030	0xF001C01C  	MOVFF       FARG_Button_pin, R1
0x0034	0x0E01      	MOVLW       1
0x0036	0x6E00      	MOVWF       R0 
0x0038	0x5001      	MOVF        R1, 0 
L__Button5:
0x003A	0xE004      	BZ          L__Button6
0x003C	0x3600      	RLCF        R0, 1 
0x003E	0x9000      	BCF         R0, 0 
0x0040	0x0FFF      	ADDLW       255
0x0042	0xD7FB      	BRA         L__Button5
L__Button6:
0x0044	0xF01FC000  	MOVFF       R0, Button_pMask_L0
;__Lib_Button.c,13 :: 		
0x0048	0xFFE9C01A  	MOVFF       FARG_Button_port, FSR0L
0x004C	0xFFEAC01B  	MOVFF       FARG_Button_port+1, FSR0H
0x0050	0x5000      	MOVF        R0, 0 
0x0052	0x14EE      	ANDWF       POSTINC0, 0 
0x0054	0x6E01      	MOVWF       R1 
0x0056	0x5201      	MOVF        R1, 1 
0x0058	0x0E01      	MOVLW       1
0x005A	0xA4D8      	BTFSS       STATUS, 2 
0x005C	0x0E00      	MOVLW       0
0x005E	0x6E00      	MOVWF       R0 
0x0060	0x501E      	MOVF        FARG_Button_active_state, 0 
0x0062	0x1A00      	XORWF       R0, 1 
0x0064	0xE018      	BZ          L_Button0
;__Lib_Button.c,15 :: 		
L_Button1:
0x0066	0x501D      	MOVF        FARG_Button_time_ms, 0 
0x0068	0x0800      	SUBLW       0
0x006A	0xE204      	BC          L_Button2
;__Lib_Button.c,16 :: 		
0x006C	0xDFD7      	RCALL       _Delay_500us
;__Lib_Button.c,17 :: 		
0x006E	0xDFD6      	RCALL       _Delay_500us
;__Lib_Button.c,18 :: 		
0x0070	0x061D      	DECF        FARG_Button_time_ms, 1 
;__Lib_Button.c,19 :: 		
0x0072	0xD7F9      	BRA         L_Button1
L_Button2:
;__Lib_Button.c,21 :: 		
0x0074	0xFFE9C01A  	MOVFF       FARG_Button_port, FSR0L
0x0078	0xFFEAC01B  	MOVFF       FARG_Button_port+1, FSR0H
0x007C	0x501F      	MOVF        Button_pMask_L0, 0 
0x007E	0x14EE      	ANDWF       POSTINC0, 0 
0x0080	0x6E01      	MOVWF       R1 
0x0082	0x5201      	MOVF        R1, 1 
0x0084	0x0E01      	MOVLW       1
0x0086	0xA4D8      	BTFSS       STATUS, 2 
0x0088	0x0E00      	MOVLW       0
0x008A	0x6E00      	MOVWF       R0 
0x008C	0x501E      	MOVF        FARG_Button_active_state, 0 
0x008E	0x1A00      	XORWF       R0, 1 
0x0090	0xE002      	BZ          L_Button3
;__Lib_Button.c,22 :: 		
0x0092	0x0EFF      	MOVLW       255
0x0094	0x6E20      	MOVWF       Button_rslt_L0 
L_Button3:
;__Lib_Button.c,23 :: 		
L_Button0:
;__Lib_Button.c,25 :: 		
0x0096	0xF000C020  	MOVFF       Button_rslt_L0, R0
;__Lib_Button.c,26 :: 		
L_end_Button:
0x009A	0x0012      	RETURN      0
; end of _Button
_main:
;ButtonInput.c,5 :: 		void main() {
;ButtonInput.c,6 :: 		ANSEL = 0;
0x009C	0x6A7E      	CLRF        ANSEL 
;ButtonInput.c,7 :: 		ANSELH = 0;
0x009E	0x6A7F      	CLRF        ANSELH 
;ButtonInput.c,8 :: 		TRISB0_bit = 1;
0x00A0	0x8093      	BSF         TRISB0_bit, BitPos(TRISB0_bit+0) 
;ButtonInput.c,11 :: 		TRISC = 0x00;
0x00A2	0x6A94      	CLRF        TRISC 
;ButtonInput.c,12 :: 		PORTC = 0x00;
0x00A4	0x6A82      	CLRF        PORTC 
;ButtonInput.c,13 :: 		oldstate = 0;
0x00A6	0x9017      	BCF         _oldstate, BitPos(_oldstate+0) 
;ButtonInput.c,14 :: 		ledOnMask = 0x01;
0x00A8	0x0E01      	MOVLW       1
0x00AA	0x6E18      	MOVWF       _ledOnMask 
0x00AC	0x0E00      	MOVLW       0
0x00AE	0x6E19      	MOVWF       _ledOnMask+1 
;ButtonInput.c,15 :: 		ledOffMask = 0x00;
0x00B0	0x6A15      	CLRF        _ledOffMask 
0x00B2	0x6A16      	CLRF        _ledOffMask+1 
;ButtonInput.c,18 :: 		do {
L_main0:
;ButtonInput.c,19 :: 		if (Button(&PORTB, 0, 1, 1)) {
0x00B4	0x0E81      	MOVLW       PORTB
0x00B6	0x6E1A      	MOVWF       FARG_Button_port 
0x00B8	0x0E0F      	MOVLW       hi_addr(PORTB)
0x00BA	0x6E1B      	MOVWF       FARG_Button_port+1 
0x00BC	0x6A1C      	CLRF        FARG_Button_pin 
0x00BE	0x0E01      	MOVLW       1
0x00C0	0x6E1D      	MOVWF       FARG_Button_time_ms 
0x00C2	0x0E01      	MOVLW       1
0x00C4	0x6E1E      	MOVWF       FARG_Button_active_state 
0x00C6	0xDFB3      	RCALL       _Button
0x00C8	0x5200      	MOVF        R0, 1 
0x00CA	0xA4D8      	BTFSS       STATUS, 2 
;ButtonInput.c,20 :: 		oldstate = 1;
0x00CC	0x8017      	BSF         _oldstate, BitPos(_oldstate+0) 
;ButtonInput.c,21 :: 		}
L_main3:
;ButtonInput.c,22 :: 		if (Button(&PORTB, 1, 1, 1)) {
0x00CE	0x0E81      	MOVLW       PORTB
0x00D0	0x6E1A      	MOVWF       FARG_Button_port 
0x00D2	0x0E0F      	MOVLW       hi_addr(PORTB)
0x00D4	0x6E1B      	MOVWF       FARG_Button_port+1 
0x00D6	0x0E01      	MOVLW       1
0x00D8	0x6E1C      	MOVWF       FARG_Button_pin 
0x00DA	0x0E01      	MOVLW       1
0x00DC	0x6E1D      	MOVWF       FARG_Button_time_ms 
0x00DE	0x0E01      	MOVLW       1
0x00E0	0x6E1E      	MOVWF       FARG_Button_active_state 
0x00E2	0xDFA5      	RCALL       _Button
0x00E4	0x5200      	MOVF        R0, 1 
0x00E6	0xA4D8      	BTFSS       STATUS, 2 
;ButtonInput.c,23 :: 		oldstate = 0;
0x00E8	0x9017      	BCF         _oldstate, BitPos(_oldstate+0) 
;ButtonInput.c,24 :: 		}
L_main4:
;ButtonInput.c,26 :: 		if (oldstate) {
0x00EA	0xA017      	BTFSS       _oldstate, BitPos(_oldstate+0) 
0x00EC	0xD003      	BRA         L_main5
;ButtonInput.c,27 :: 		PORTC = PORTC | ledOnMask;
0x00EE	0x5018      	MOVF        _ledOnMask, 0 
0x00F0	0x1282      	IORWF       PORTC, 1 
;ButtonInput.c,28 :: 		} else {
0x00F2	0xD002      	BRA         L_main6
L_main5:
;ButtonInput.c,29 :: 		PORTC = PORTC & ledOffMask;
0x00F4	0x5015      	MOVF        _ledOffMask, 0 
0x00F6	0x1682      	ANDWF       PORTC, 1 
;ButtonInput.c,30 :: 		}
L_main6:
;ButtonInput.c,31 :: 		} while (1);
0x00F8	0xD7DD      	BRA         L_main0
;ButtonInput.c,32 :: 		}
L_end_main:
0x00FA	0xD7FF      	BRA         $+0
; end of _main
Symbol List:
//** Routines locations **
//ADDRESS    SIZE    PROCEDURE
//----------------------------------------------
0x001C      [18]    _Delay_500us
0x002E     [110]    _Button
0x009C      [96]    _main
//** Variables locations ** 
//ADDRESS    SIZE    VARIABLE
//----------------------------------------------
0x0000       [1]    R0
0x0001       [1]    R1
0x0002       [1]    R2
0x0003       [1]    R3
0x0004       [1]    R4
0x0005       [1]    R5
0x0006       [1]    R6
0x0007       [1]    R7
0x0008       [1]    R8
0x0009       [1]    R9
0x000A       [1]    R10
0x000B       [1]    R11
0x000C       [1]    R12
0x000D       [1]    R13
0x000E       [1]    R14
0x000F       [1]    R15
0x0010       [1]    R16
0x0011       [1]    R17
0x0012       [1]    R18
0x0013       [1]    R19
0x0014       [1]    R20
0x0015       [2]    _ledOffMask
0x0017       [0]    _oldstate
0x0018       [2]    _ledOnMask
0x001A       [2]    FARG_Button_port
0x001C       [1]    FARG_Button_pin
0x001D       [1]    FARG_Button_time_ms
0x001E       [1]    FARG_Button_active_state
0x001F       [1]    Button_pMask_L0
0x0020       [1]    Button_rslt_L0
0x0F7E       [1]    ANSEL
0x0F7F       [1]    ANSELH
0x0F81       [1]    PORTB
0x0F82       [1]    PORTC
0x0F93       [0]    TRISB0_bit
0x0F94       [1]    TRISC
0x0FD8       [1]    STATUS
0x0FD9       [1]    FSR2L
0x0FDA       [1]    FSR2H
0x0FDE       [1]    POSTINC2
0x0FE0       [1]    BSR
0x0FE1       [1]    FSR1L
0x0FE2       [1]    FSR1H
0x0FE4       [1]    PREINC1
0x0FE6       [1]    POSTINC1
0x0FE7       [1]    INDF1
0x0FE8       [1]    WREG
0x0FE9       [1]    FSR0L
0x0FEA       [1]    FSR0H
0x0FEE       [1]    POSTINC0
0x0FF3       [1]    PRODL
0x0FF4       [1]    PRODH
0x0FF5       [1]    TABLAT
0x0FF6       [1]    TBLPTRL
0x0FF7       [1]    TBLPTRH
0x0FF8       [1]    TBLPTRU
